2025-09-24 06:31:42,524 - ORCHESTRATOR - INFO - Инициализация оркестратора
2025-09-24 06:31:42,525 - ORCHESTRATOR - INFO - Запуск интерактивного режима
2025-09-24 06:32:14,275 - ORCHESTRATOR - INFO - ==================================================
2025-09-24 06:32:14,275 - ORCHESTRATOR - INFO - НОВЫЙ ЗАПРОС: для домена school.mos.ru в локейшен /vcs добавить параметры gzip off,wallrm_mode off
2025-09-24 06:32:14,276 - ORCHESTRATOR - INFO - ==================================================
2025-09-24 06:32:14,276 - ORCHESTRATOR - INFO - ЭТАП 1: Парсинг запроса через Q1
2025-09-24 06:32:29,346 - ORCHESTRATOR - INFO - Q1 результат: action=change_location_params, domains=['school.mos.ru']
2025-09-24 06:32:29,346 - ORCHESTRATOR - INFO - ЭТАП 2: Поиск конфигураций через Q2
2025-09-24 06:32:35,843 - ORCHESTRATOR - INFO - ЭТАП 3: Выбор конфигураций
2025-09-24 06:32:35,843 - ORCHESTRATOR - WARNING - Нет выбранных конфигураций
2025-09-24 06:42:31,185 - ORCHESTRATOR - INFO - ==================================================
2025-09-24 06:42:31,186 - ORCHESTRATOR - INFO - НОВЫЙ ЗАПРОС: для домена admin-school.mos.ru в локейшен /vcs добавить параметры gzip off,wallrm_mode off
2025-09-24 06:42:31,186 - ORCHESTRATOR - INFO - ==================================================
2025-09-24 06:42:31,186 - ORCHESTRATOR - INFO - ЭТАП 1: Парсинг запроса через Q1
2025-09-24 06:42:37,717 - ORCHESTRATOR - INFO - Q1 результат: action=change_location_params, domains=['admin-school.mos.ru']
2025-09-24 06:42:37,717 - ORCHESTRATOR - INFO - ЭТАП 2: Поиск конфигураций через Q2
2025-09-24 06:42:44,209 - ORCHESTRATOR - INFO - ЭТАП 3: Выбор конфигураций
2025-09-24 06:42:44,209 - ORCHESTRATOR - INFO - Выбраны ВСЕ 6 конфигураций для admin-school.mos.ru
2025-09-24 06:42:44,210 - ORCHESTRATOR - INFO - ЭТАП 4: Применение изменений через Q3
2025-09-24 06:44:22,060 - ORCHESTRATOR - INFO - Инициализация оркестратора
2025-09-24 06:44:22,060 - ORCHESTRATOR - INFO - Запуск интерактивного режима
2025-09-24 06:44:25,272 - ORCHESTRATOR - INFO - ==================================================
2025-09-24 06:44:25,272 - ORCHESTRATOR - INFO - НОВЫЙ ЗАПРОС: для домена school.mos.ru в локейшен /vcs добавить параметры gzip off,wallrm_mode off
2025-09-24 06:44:25,272 - ORCHESTRATOR - INFO - ==================================================
2025-09-24 06:44:25,272 - ORCHESTRATOR - INFO - ЭТАП 1: Парсинг запроса через Q1
2025-09-24 06:44:35,581 - ORCHESTRATOR - INFO - Q1 результат: action=change_location_params, domains=['school.mos.ru']
2025-09-24 06:44:35,582 - ORCHESTRATOR - INFO - ЭТАП 2: Поиск конфигураций через Q2
2025-09-24 06:44:41,998 - ORCHESTRATOR - INFO - ЭТАП 3: Выбор конфигураций
2025-09-24 06:44:41,998 - ORCHESTRATOR - WARNING - Нет выбранных конфигураций
2025-09-24 06:47:36,964 - ORCHESTRATOR - INFO - Инициализация оркестратора
2025-09-24 06:47:36,965 - ORCHESTRATOR - INFO - Запуск интерактивного режима
2025-09-24 06:47:45,416 - ORCHESTRATOR - INFO - ==================================================
2025-09-24 06:47:45,417 - ORCHESTRATOR - INFO - НОВЫЙ ЗАПРОС: для домена school.mos.ru в локейшен /vcs добавить параметры gzip off,wallrm_mode off
2025-09-24 06:47:45,417 - ORCHESTRATOR - INFO - ==================================================
2025-09-24 06:47:45,417 - ORCHESTRATOR - INFO - ЭТАП 1: Парсинг запроса через Q1
2025-09-24 06:47:59,615 - ORCHESTRATOR - INFO - Q1 результат: action=change_location_params, domains=['school.mos.ru']
2025-09-24 06:47:59,615 - ORCHESTRATOR - INFO - ЭТАП 2: Поиск конфигураций через Q2
2025-09-24 06:47:59,626 - ORCHESTRATOR - INFO - ЭТАП 3: Выбор конфигураций
2025-09-24 06:47:59,626 - ORCHESTRATOR - WARNING - Нет выбранных конфигураций
2025-09-24 06:49:35,064 - ORCHESTRATOR - INFO - Инициализация оркестратора
2025-09-24 06:49:35,064 - ORCHESTRATOR - INFO - Запуск интерактивного режима
2025-09-24 06:49:39,191 - ORCHESTRATOR - INFO - ==================================================
2025-09-24 06:49:39,192 - ORCHESTRATOR - INFO - НОВЫЙ ЗАПРОС: для домена school.mos.ru в локейшен /vcs добавить параметры gzip off,wallrm_mode off
2025-09-24 06:49:39,192 - ORCHESTRATOR - INFO - ==================================================
2025-09-24 06:49:39,192 - ORCHESTRATOR - INFO - ЭТАП 1: Парсинг запроса через Q1
2025-09-24 06:49:50,156 - ORCHESTRATOR - INFO - Q1 результат: action=change_location_params, domains=['school.mos.ru']
2025-09-24 06:49:50,156 - ORCHESTRATOR - INFO - ЭТАП 2: Поиск конфигураций через Q2
2025-09-24 06:49:50,178 - ORCHESTRATOR - INFO - ЭТАП 3: Выбор конфигураций
2025-09-24 06:49:50,179 - ORCHESTRATOR - INFO - Автоматически выбрана единственная конфигурация для school.mos.ru
2025-09-24 06:49:50,179 - ORCHESTRATOR - INFO - ЭТАП 4: Применение изменений через Q3
2025-09-24 06:50:45,998 - ORCHESTRATOR - INFO - Инициализация оркестратора
2025-09-24 06:50:45,998 - ORCHESTRATOR - INFO - Запуск интерактивного режима
2025-09-24 06:50:51,897 - ORCHESTRATOR - INFO - ==================================================
2025-09-24 06:50:51,898 - ORCHESTRATOR - INFO - НОВЫЙ ЗАПРОС: для домена school.mos.ru в локейшен /vcs добавить параметры gzip off,wallrm_mode off
2025-09-24 06:50:51,898 - ORCHESTRATOR - INFO - ==================================================
2025-09-24 06:50:51,898 - ORCHESTRATOR - INFO - ЭТАП 1: Парсинг запроса через Q1
2025-09-24 06:51:02,346 - ORCHESTRATOR - INFO - Q1 результат: action=change_location_params, domains=['school.mos.ru']
2025-09-24 06:51:02,347 - ORCHESTRATOR - INFO - ЭТАП 2: Поиск конфигураций через Q2
2025-09-24 06:51:02,347 - ORCHESTRATOR - INFO - ЭТАП 3: Выбор конфигураций
2025-09-24 06:51:02,348 - ORCHESTRATOR - WARNING - Нет выбранных конфигураций
2025-09-24 06:51:36,758 - ORCHESTRATOR - INFO - Инициализация оркестратора
2025-09-24 06:51:36,758 - ORCHESTRATOR - INFO - Запуск интерактивного режима
2025-09-24 06:51:45,906 - ORCHESTRATOR - INFO - ==================================================
2025-09-24 06:51:45,906 - ORCHESTRATOR - INFO - НОВЫЙ ЗАПРОС: для домена school.mos.ru в локейшен /vcs добавить параметры gzip off,wallrm_mode off
2025-09-24 06:51:45,906 - ORCHESTRATOR - INFO - ==================================================
2025-09-24 06:51:45,906 - ORCHESTRATOR - INFO - ЭТАП 1: Парсинг запроса через Q1
2025-09-24 06:51:53,443 - ORCHESTRATOR - INFO - Q1 результат: action=change_location_params, domains=['school.mos.ru']
2025-09-24 06:51:53,443 - ORCHESTRATOR - INFO - ЭТАП 2: Поиск конфигураций через Q2
2025-09-24 06:52:00,155 - ORCHESTRATOR - INFO - ЭТАП 3: Выбор конфигураций
2025-09-24 06:52:00,155 - ORCHESTRATOR - INFO - Автоматически выбрана единственная конфигурация для school.mos.ru
2025-09-24 06:52:00,155 - ORCHESTRATOR - INFO - ЭТАП 4: Применение изменений через Q3
2025-09-24 06:54:06,238 - ORCHESTRATOR - INFO - Инициализация оркестратора
2025-09-24 06:54:06,239 - ORCHESTRATOR - INFO - Запуск интерактивного режима
2025-09-24 06:54:23,939 - ORCHESTRATOR - INFO - ==================================================
2025-09-24 06:54:23,940 - ORCHESTRATOR - INFO - НОВЫЙ ЗАПРОС: хочу что нибудь для dchelper.mos.ru
2025-09-24 06:54:23,940 - ORCHESTRATOR - INFO - ==================================================
2025-09-24 06:54:23,940 - ORCHESTRATOR - INFO - ЭТАП 1: Парсинг запроса через Q1
2025-09-24 06:54:31,885 - ORCHESTRATOR - INFO - Q1 результат: action=other, domains=['dchelper.mos.ru']
2025-09-24 06:54:31,886 - ORCHESTRATOR - INFO - ЭТАП 2: Поиск конфигураций через Q2
2025-09-24 06:54:38,401 - ORCHESTRATOR - INFO - ЭТАП 3: Выбор конфигураций
2025-09-24 06:54:38,401 - ORCHESTRATOR - INFO - Автоматически выбрана единственная конфигурация для dchelper.mos.ru
2025-09-24 06:54:38,401 - ORCHESTRATOR - INFO - ЭТАП 4: Применение изменений через Q3
2025-09-24 06:55:01,210 - ORCHESTRATOR - INFO - Инициализация оркестратора
2025-09-24 06:55:01,210 - ORCHESTRATOR - INFO - Запуск интерактивного режима
2025-09-24 06:55:03,654 - ORCHESTRATOR - INFO - ==================================================
2025-09-24 06:55:03,654 - ORCHESTRATOR - INFO - НОВЫЙ ЗАПРОС: хочу что нибудь
2025-09-24 06:55:03,654 - ORCHESTRATOR - INFO - ==================================================
2025-09-24 06:55:03,654 - ORCHESTRATOR - INFO - ЭТАП 1: Парсинг запроса через Q1
2025-09-24 06:55:08,135 - ORCHESTRATOR - INFO - Q1 результат: action=other, domains=[]
2025-09-24 06:55:08,135 - ORCHESTRATOR - INFO - ЭТАП 2: Поиск конфигураций через Q2
2025-09-24 06:55:08,135 - ORCHESTRATOR - INFO - ЭТАП 3: Выбор конфигураций
2025-09-24 06:55:08,136 - ORCHESTRATOR - WARNING - Нет выбранных конфигураций
2025-09-24 06:55:45,121 - ORCHESTRATOR - INFO - ==================================================
2025-09-24 06:55:45,121 - ORCHESTRATOR - INFO - НОВЫЙ ЗАПРОС: добавь локейшен /апи
2025-09-24 06:55:45,121 - ORCHESTRATOR - INFO - ==================================================
2025-09-24 06:55:45,121 - ORCHESTRATOR - INFO - ЭТАП 1: Парсинг запроса через Q1
2025-09-24 06:55:57,582 - ORCHESTRATOR - INFO - Q1 результат: action=add_location, domains=[]
2025-09-24 06:55:57,583 - ORCHESTRATOR - INFO - ЭТАП 2: Поиск конфигураций через Q2
2025-09-24 06:55:57,583 - ORCHESTRATOR - INFO - ЭТАП 3: Выбор конфигураций
2025-09-24 06:55:57,584 - ORCHESTRATOR - WARNING - Нет выбранных конфигураций
2025-09-24 06:56:37,941 - ORCHESTRATOR - INFO - ==================================================
2025-09-24 06:56:37,942 - ORCHESTRATOR - INFO - НОВЫЙ ЗАПРОС: сделай что нибудь в dchelper.mos.ru
2025-09-24 06:56:37,942 - ORCHESTRATOR - INFO - ==================================================
2025-09-24 06:56:37,942 - ORCHESTRATOR - INFO - ЭТАП 1: Парсинг запроса через Q1
2025-09-24 06:56:47,570 - ORCHESTRATOR - INFO - Q1 результат: action=other, domains=['dchelper.mos.ru']
2025-09-24 06:56:47,570 - ORCHESTRATOR - INFO - ЭТАП 2: Поиск конфигураций через Q2
2025-09-24 06:56:54,060 - ORCHESTRATOR - INFO - ЭТАП 3: Выбор конфигураций
2025-09-24 06:56:54,060 - ORCHESTRATOR - INFO - Автоматически выбрана единственная конфигурация для dchelper.mos.ru
2025-09-24 06:56:54,060 - ORCHESTRATOR - INFO - ЭТАП 4: Применение изменений через Q3
2025-09-24 07:13:28,711 - ORCHESTRATOR - INFO - Инициализация оркестратора
2025-09-24 07:13:28,712 - ORCHESTRATOR - INFO - Запуск интерактивного режима
2025-09-24 07:13:44,178 - ORCHESTRATOR - INFO - ==================================================
2025-09-24 07:13:44,179 - ORCHESTRATOR - INFO - НОВЫЙ ЗАПРОС: сделай что нибудь для www.mos.ru
2025-09-24 07:13:44,179 - ORCHESTRATOR - INFO - ==================================================
2025-09-24 07:13:44,179 - ORCHESTRATOR - INFO - ЭТАП 1: Парсинг запроса через Q1
2025-09-24 07:13:57,127 - ORCHESTRATOR - INFO - Q1 результат: action=other, domains=['www.mos.ru']
2025-09-24 07:13:57,127 - ORCHESTRATOR - INFO - ЭТАП 2: Поиск конфигураций через Q2
2025-09-24 07:14:03,606 - ORCHESTRATOR - INFO - ЭТАП 3: Выбор конфигураций
2025-09-24 07:14:03,606 - ORCHESTRATOR - INFO - Выбраны ВСЕ 2 конфигураций для www.mos.ru
2025-09-24 07:14:03,606 - ORCHESTRATOR - INFO - ЭТАП 4: Применение изменений через Q3
2025-09-24 07:15:10,194 - ORCHESTRATOR - INFO - Инициализация оркестратора
2025-09-24 07:15:10,194 - ORCHESTRATOR - INFO - Запуск интерактивного режима
2025-09-24 07:15:28,976 - ORCHESTRATOR - INFO - ==================================================
2025-09-24 07:15:28,977 - ORCHESTRATOR - INFO - НОВЫЙ ЗАПРОС: сделайте что нибудь домен school.mos.ru
2025-09-24 07:15:28,977 - ORCHESTRATOR - INFO - ==================================================
2025-09-24 07:15:28,977 - ORCHESTRATOR - INFO - ЭТАП 1: Парсинг запроса через Q1
2025-09-24 07:15:37,782 - ORCHESTRATOR - INFO - Q1 результат: action=other, domains=['school.mos.ru']
2025-09-24 07:15:37,782 - ORCHESTRATOR - INFO - ЭТАП 2: Поиск конфигураций через Q2
2025-09-24 07:15:44,208 - ORCHESTRATOR - INFO - ЭТАП 3: Выбор конфигураций
2025-09-24 07:15:44,208 - ORCHESTRATOR - INFO - Автоматически выбрана единственная конфигурация для school.mos.ru
2025-09-24 07:15:44,208 - ORCHESTRATOR - INFO - ЭТАП 4: Применение изменений через Q3
2025-09-24 07:17:38,513 - ORCHESTRATOR - INFO - Инициализация оркестратора
2025-09-24 07:17:38,514 - ORCHESTRATOR - INFO - Запуск интерактивного режима
2025-09-24 07:17:48,263 - ORCHESTRATOR - INFO - ==================================================
2025-09-24 07:17:48,264 - ORCHESTRATOR - INFO - НОВЫЙ ЗАПРОС: сделайте что нибудь
2025-09-24 07:17:48,264 - ORCHESTRATOR - INFO - ==================================================
2025-09-24 07:17:48,264 - ORCHESTRATOR - INFO - ЭТАП 1: Парсинг запроса через Q1
2025-09-24 07:17:54,343 - ORCHESTRATOR - INFO - Q1 результат: action=other, domains=[]
2025-09-24 07:17:54,343 - ORCHESTRATOR - INFO - ЭТАП 2: Поиск конфигураций через Q2
2025-09-24 07:17:54,344 - ORCHESTRATOR - INFO - ЭТАП 3: Выбор конфигураций
2025-09-24 07:17:54,344 - ORCHESTRATOR - WARNING - Нет выбранных конфигураций
2025-09-24 07:18:11,191 - ORCHESTRATOR - INFO - ==================================================
2025-09-24 07:18:11,192 - ORCHESTRATOR - INFO - НОВЫЙ ЗАПРОС: сделайте что нибудь с доменом www.mos.ru
2025-09-24 07:18:11,192 - ORCHESTRATOR - INFO - ==================================================
2025-09-24 07:18:11,192 - ORCHESTRATOR - INFO - ЭТАП 1: Парсинг запроса через Q1
2025-09-24 07:18:18,365 - ORCHESTRATOR - INFO - Q1 результат: action=other, domains=['www.mos.ru']
2025-09-24 07:18:18,365 - ORCHESTRATOR - INFO - ЭТАП 2: Поиск конфигураций через Q2
2025-09-24 07:18:24,805 - ORCHESTRATOR - INFO - ЭТАП 3: Выбор конфигураций
2025-09-24 07:18:24,805 - ORCHESTRATOR - INFO - Выбраны ВСЕ 2 конфигураций для www.mos.ru
2025-09-24 07:18:24,805 - ORCHESTRATOR - INFO - ЭТАП 4: Применение изменений через Q3
2025-09-24 07:18:46,142 - ORCHESTRATOR - INFO - Инициализация оркестратора
2025-09-24 07:18:46,142 - ORCHESTRATOR - INFO - Запуск интерактивного режима
2025-09-24 07:19:00,071 - ORCHESTRATOR - INFO - ==================================================
2025-09-24 07:19:00,072 - ORCHESTRATOR - INFO - НОВЫЙ ЗАПРОС: сделайте что нибудь с доменом www.mos.ru
2025-09-24 07:19:00,072 - ORCHESTRATOR - INFO - ==================================================
2025-09-24 07:19:00,072 - ORCHESTRATOR - INFO - ЭТАП 1: Парсинг запроса через Q1
2025-09-24 07:19:06,652 - ORCHESTRATOR - INFO - Q1 результат: action=other, domains=['www.mos.ru']
2025-09-24 07:19:06,652 - ORCHESTRATOR - INFO - ЭТАП 2: Поиск конфигураций через Q2
2025-09-24 07:19:13,104 - ORCHESTRATOR - INFO - ЭТАП 3: Выбор конфигураций
2025-09-24 07:19:13,104 - ORCHESTRATOR - INFO - Выбраны ВСЕ 2 конфигураций для www.mos.ru
2025-09-24 07:19:13,104 - ORCHESTRATOR - INFO - ЭТАП 4: Применение изменений через Q3
2025-09-24 07:21:42,632 - ORCHESTRATOR - INFO - Инициализация оркестратора
2025-09-24 07:21:42,632 - ORCHESTRATOR - INFO - Запуск интерактивного режима
2025-09-24 07:21:56,177 - ORCHESTRATOR - INFO - ==================================================
2025-09-24 07:21:56,178 - ORCHESTRATOR - INFO - НОВЫЙ ЗАПРОС: сделайте что нибудь с доменом www.mos.ru
2025-09-24 07:21:56,178 - ORCHESTRATOR - INFO - ==================================================
2025-09-24 07:21:56,178 - ORCHESTRATOR - INFO - ЭТАП 1: Парсинг запроса через Q1
2025-09-24 07:22:04,992 - ORCHESTRATOR - INFO - Q1 результат: action=other, domains=['www.mos.ru']
2025-09-24 07:22:04,992 - ORCHESTRATOR - INFO - ЭТАП 2: Поиск конфигураций через Q2
2025-09-24 07:22:11,423 - ORCHESTRATOR - INFO - ЭТАП 3: Выбор конфигураций
2025-09-24 07:22:11,423 - ORCHESTRATOR - INFO - Выбраны ВСЕ 2 конфигураций для www.mos.ru
2025-09-24 07:22:11,423 - ORCHESTRATOR - INFO - ЭТАП 4: Применение изменений через Q3
2025-09-24 07:23:05,283 - ORCHESTRATOR - INFO - Инициализация оркестратора
2025-09-24 07:23:05,283 - ORCHESTRATOR - INFO - Запуск интерактивного режима
2025-09-24 07:23:21,989 - ORCHESTRATOR - INFO - ==================================================
2025-09-24 07:23:21,989 - ORCHESTRATOR - INFO - НОВЫЙ ЗАПРОС: сделайте что нибудь с доменом www.mos.ru
2025-09-24 07:23:21,990 - ORCHESTRATOR - INFO - ==================================================
2025-09-24 07:23:21,990 - ORCHESTRATOR - INFO - ЭТАП 1: Парсинг запроса через Q1
2025-09-24 07:23:30,433 - ORCHESTRATOR - INFO - Q1 результат: action=other, domains=['www.mos.ru']
2025-09-24 07:23:30,433 - ORCHESTRATOR - INFO - ЭТАП 2: Поиск конфигураций через Q2
2025-09-24 07:23:36,880 - ORCHESTRATOR - INFO - ЭТАП 3: Выбор конфигураций
2025-09-24 07:23:36,880 - ORCHESTRATOR - INFO - Выбраны ВСЕ 2 конфигураций для www.mos.ru
2025-09-24 07:23:36,880 - ORCHESTRATOR - INFO - ЭТАП 4: Применение изменений через Q3
2025-09-24 07:24:42,310 - ORCHESTRATOR - INFO - Инициализация оркестратора
2025-09-24 07:24:42,310 - ORCHESTRATOR - INFO - Запуск интерактивного режима
2025-09-24 07:24:56,788 - ORCHESTRATOR - INFO - ==================================================
2025-09-24 07:24:56,789 - ORCHESTRATOR - INFO - НОВЫЙ ЗАПРОС: сделайте что нибудь с доменом www.mos.ru
2025-09-24 07:24:56,789 - ORCHESTRATOR - INFO - ==================================================
2025-09-24 07:24:56,789 - ORCHESTRATOR - INFO - ЭТАП 1: Парсинг запроса через Q1
2025-09-24 07:25:05,854 - ORCHESTRATOR - INFO - Q1 результат: action=other, domains=['www.mos.ru']
2025-09-24 07:25:05,854 - ORCHESTRATOR - INFO - ЭТАП 2: Поиск конфигураций через Q2
2025-09-24 07:25:12,352 - ORCHESTRATOR - INFO - ЭТАП 3: Выбор конфигураций
2025-09-24 07:25:12,352 - ORCHESTRATOR - INFO - Выбраны ВСЕ 2 конфигураций для www.mos.ru
2025-09-24 07:25:12,352 - ORCHESTRATOR - INFO - ЭТАП 4: Применение изменений через Q3
2025-09-24 07:28:48,375 - ORCHESTRATOR - INFO - Инициализация оркестратора
2025-09-24 07:28:48,376 - ORCHESTRATOR - INFO - Запуск интерактивного режима
2025-09-24 07:29:01,948 - ORCHESTRATOR - INFO - ==================================================
2025-09-24 07:29:01,949 - ORCHESTRATOR - INFO - НОВЫЙ ЗАПРОС: сделайте что нибудь с доменом www.mos.ru
2025-09-24 07:29:01,949 - ORCHESTRATOR - INFO - ==================================================
2025-09-24 07:29:01,949 - ORCHESTRATOR - INFO - ЭТАП 1: Парсинг запроса через Q1
2025-09-24 07:29:12,504 - ORCHESTRATOR - INFO - Q1 результат: action=other, domains=['www.mos.ru']
2025-09-24 07:29:12,504 - ORCHESTRATOR - INFO - ЭТАП 2: Поиск конфигураций через Q2
2025-09-24 07:29:18,963 - ORCHESTRATOR - INFO - ЭТАП 3: Выбор конфигураций
2025-09-24 07:29:18,963 - ORCHESTRATOR - INFO - Выбраны ВСЕ 2 конфигураций для www.mos.ru
2025-09-24 07:29:18,963 - ORCHESTRATOR - INFO - ЭТАП 4: Применение изменений через Q3
2025-09-24 07:35:11,746 - ORCHESTRATOR - INFO - Инициализация оркестратора
2025-09-24 07:35:11,746 - ORCHESTRATOR - INFO - Запуск интерактивного режима
2025-09-24 07:35:24,148 - ORCHESTRATOR - INFO - ==================================================
2025-09-24 07:35:24,148 - ORCHESTRATOR - INFO - НОВЫЙ ЗАПРОС: сделайте что нибудь с доменом www.mos.ru
2025-09-24 07:35:24,149 - ORCHESTRATOR - INFO - ==================================================
2025-09-24 07:35:24,149 - ORCHESTRATOR - INFO - ЭТАП 1: Парсинг запроса через Q1
2025-09-24 07:35:34,303 - ORCHESTRATOR - ERROR - Q1 не смог распарсить запрос
2025-09-24 07:38:11,630 - ORCHESTRATOR - INFO - Инициализация оркестратора
2025-09-24 07:38:11,631 - ORCHESTRATOR - INFO - Запуск интерактивного режима
2025-09-24 07:39:04,835 - ORCHESTRATOR - INFO - ==================================================
2025-09-24 07:39:04,836 - ORCHESTRATOR - INFO - НОВЫЙ ЗАПРОС: сделайте что наибудь с локейшеном /api
2025-09-24 07:39:04,836 - ORCHESTRATOR - INFO - ==================================================
2025-09-24 07:39:04,836 - ORCHESTRATOR - INFO - ЭТАП 1: Парсинг запроса через Q1
2025-09-24 07:39:14,383 - ORCHESTRATOR - ERROR - Q1 не смог распарсить запрос
2025-09-24 07:39:57,066 - ORCHESTRATOR - INFO - ==================================================
2025-09-24 07:39:57,067 - ORCHESTRATOR - INFO - НОВЫЙ ЗАПРОС: домен school.mos.ru внести параметры gzip off локейшен /api
2025-09-24 07:39:57,067 - ORCHESTRATOR - INFO - ==================================================
2025-09-24 07:39:57,067 - ORCHESTRATOR - INFO - ЭТАП 1: Парсинг запроса через Q1
2025-09-24 07:40:08,574 - ORCHESTRATOR - INFO - Q1 результат: action=change_location_params, domains=['school.mos.ru']
2025-09-24 07:40:08,575 - ORCHESTRATOR - INFO - ЭТАП 2: Поиск конфигураций через Q2
2025-09-24 07:40:15,053 - ORCHESTRATOR - INFO - ЭТАП 3: Выбор конфигураций
2025-09-24 07:40:15,053 - ORCHESTRATOR - INFO - Автоматически выбрана единственная конфигурация для school.mos.ru
2025-09-24 07:40:15,053 - ORCHESTRATOR - INFO - ЭТАП 4: Применение изменений через Q3
2025-09-24 08:22:29,840 - ORCHESTRATOR - INFO - Инициализация оркестратора
2025-09-24 08:22:29,841 - ORCHESTRATOR - INFO - Запуск интерактивного режима
2025-09-24 08:22:49,079 - ORCHESTRATOR - INFO - ==================================================
2025-09-24 08:22:49,079 - ORCHESTRATOR - INFO - НОВЫЙ ЗАПРОС: сделайте что нибудь с доменом dchelper.mos.ru
2025-09-24 08:22:49,080 - ORCHESTRATOR - INFO - ==================================================
2025-09-24 08:22:49,080 - ORCHESTRATOR - INFO - ЭТАП 1: Парсинг запроса через Q1
2025-09-24 08:22:58,885 - ORCHESTRATOR - ERROR - Q1 не смог распарсить запрос
2025-09-24 08:23:17,079 - ORCHESTRATOR - INFO - Инициализация оркестратора
2025-09-24 08:23:17,079 - ORCHESTRATOR - INFO - Запуск интерактивного режима
2025-09-24 08:23:33,435 - ORCHESTRATOR - INFO - ==================================================
2025-09-24 08:23:33,436 - ORCHESTRATOR - INFO - НОВЫЙ ЗАПРОС: сломай домен dchelper.mos.ru
2025-09-24 08:23:33,436 - ORCHESTRATOR - INFO - ==================================================
2025-09-24 08:23:33,436 - ORCHESTRATOR - INFO - ЭТАП 1: Парсинг запроса через Q1
2025-09-24 08:23:35,133 - ORCHESTRATOR - ERROR - Q1 не смог распарсить запрос
2025-09-24 08:24:00,623 - ORCHESTRATOR - INFO - ==================================================
2025-09-24 08:24:00,624 - ORCHESTRATOR - INFO - НОВЫЙ ЗАПРОС: покажи конфиг для домена dchelper.mos.ru
2025-09-24 08:24:00,624 - ORCHESTRATOR - INFO - ==================================================
2025-09-24 08:24:00,624 - ORCHESTRATOR - INFO - ЭТАП 1: Парсинг запроса через Q1
2025-09-24 08:24:20,192 - ORCHESTRATOR - ERROR - Q1 не смог распарсить запрос
2025-09-24 08:24:51,008 - ORCHESTRATOR - INFO - ==================================================
2025-09-24 08:24:51,009 - ORCHESTRATOR - INFO - НОВЫЙ ЗАПРОС: добавьте локейшен /api для домена dchelper.mos.ru
2025-09-24 08:24:51,009 - ORCHESTRATOR - INFO - ==================================================
2025-09-24 08:24:51,009 - ORCHESTRATOR - INFO - ЭТАП 1: Парсинг запроса через Q1
2025-09-24 08:24:57,130 - ORCHESTRATOR - INFO - Q1 результат: action=add_location, domains=['dchelper.mos.ru']
2025-09-24 08:24:57,130 - ORCHESTRATOR - INFO - ЭТАП 2: Поиск конфигураций через Q2
2025-09-24 08:25:05,908 - ORCHESTRATOR - INFO - ЭТАП 3: Выбор конфигураций
2025-09-24 08:25:05,909 - ORCHESTRATOR - INFO - Автоматически выбрана единственная конфигурация для dchelper.mos.ru
2025-09-24 08:25:05,909 - ORCHESTRATOR - INFO - ЭТАП 4: Применение изменений через Q3
2025-09-24 10:21:46,681 - ORCHESTRATOR - INFO - Инициализация оркестратора
2025-09-24 10:21:46,681 - ORCHESTRATOR - INFO - Запуск интерактивного режима
2025-09-24 10:21:55,289 - ORCHESTRATOR - INFO - Инициализация оркестратора
2025-09-24 10:21:55,291 - ORCHESTRATOR - INFO - Запуск интерактивного режима
2025-09-24 10:41:48,830 - ORCHESTRATOR - INFO - Инициализация оркестратора
2025-09-24 10:41:48,830 - ORCHESTRATOR - INFO - Запуск интерактивного режима
2025-09-24 10:42:36,757 - ORCHESTRATOR - INFO - ==================================================
2025-09-24 10:42:36,759 - ORCHESTRATOR - INFO - НОВЫЙ ЗАПРОС: внесите параметр gzip off для доменов school.mos.ru, dchelper.mos.ru
2025-09-24 10:42:36,759 - ORCHESTRATOR - INFO - ==================================================
2025-09-24 10:42:36,759 - ORCHESTRATOR - INFO - ЭТАП 1: Парсинг запроса через Q1
2025-09-24 10:42:45,218 - ORCHESTRATOR - INFO - Q1 результат: action=change_server_params, domains=['school.mos.ru', 'dchelper.mos.ru']
2025-09-24 10:42:45,218 - ORCHESTRATOR - INFO - ЭТАП 2: Поиск конфигураций через Q2
2025-09-24 10:42:53,081 - ORCHESTRATOR - INFO - ЭТАП 3: Выбор конфигураций
2025-09-24 10:42:53,082 - ORCHESTRATOR - INFO - Автоматически выбрана единственная конфигурация для school.mos.ru
2025-09-24 10:42:53,082 - ORCHESTRATOR - INFO - Автоматически выбрана единственная конфигурация для dchelper.mos.ru
2025-09-24 10:42:53,082 - ORCHESTRATOR - INFO - ЭТАП 4: Применение изменений через Q3
2025-09-24 10:47:16,270 - ORCHESTRATOR - INFO - Инициализация оркестратора
2025-09-24 10:47:16,270 - ORCHESTRATOR - INFO - Запуск интерактивного режима
2025-09-24 10:47:28,441 - ORCHESTRATOR - INFO - ==================================================
2025-09-24 10:47:28,442 - ORCHESTRATOR - INFO - НОВЫЙ ЗАПРОС: хочу удалить домен www.mos.ru
2025-09-24 10:47:28,442 - ORCHESTRATOR - INFO - ==================================================
2025-09-24 10:47:28,442 - ORCHESTRATOR - INFO - ЭТАП 1: Парсинг запроса через Q1
2025-09-24 10:47:38,512 - ORCHESTRATOR - ERROR - Q1 не смог распарсить запрос
2025-09-24 10:48:25,526 - ORCHESTRATOR - INFO - ==================================================
2025-09-24 10:48:25,528 - ORCHESTRATOR - INFO - НОВЫЙ ЗАПРОС: прошу удалить домен dchelper.mos.ru
2025-09-24 10:48:25,528 - ORCHESTRATOR - INFO - ==================================================
2025-09-24 10:48:25,528 - ORCHESTRATOR - INFO - ЭТАП 1: Парсинг запроса через Q1
2025-09-24 10:48:57,898 - ORCHESTRATOR - ERROR - Q1 не смог распарсить запрос
2025-09-24 10:53:34,252 - ORCHESTRATOR - INFO - Инициализация оркестратора
2025-09-24 10:53:34,252 - ORCHESTRATOR - INFO - Запуск интерактивного режима
2025-09-24 10:54:16,391 - ORCHESTRATOR - INFO - ==================================================
2025-09-24 10:54:16,393 - ORCHESTRATOR - INFO - НОВЫЙ ЗАПРОС: замените параметр в доменах dchelper.mos.ru www.mos.ru gzip off на gzip on
2025-09-24 10:54:16,394 - ORCHESTRATOR - INFO - ==================================================
2025-09-24 10:54:16,394 - ORCHESTRATOR - INFO - ЭТАП 1: Парсинг запроса через Q1
2025-09-24 10:54:27,359 - ORCHESTRATOR - INFO - Q1 результат: action=change_server_params, domains=['dchelper.mos.ru', 'www.mos.ru']
2025-09-24 10:54:27,360 - ORCHESTRATOR - INFO - ЭТАП 2: Поиск конфигураций через Q2
2025-09-24 10:54:35,224 - ORCHESTRATOR - INFO - ЭТАП 3: Выбор конфигураций
2025-09-24 10:54:35,225 - ORCHESTRATOR - INFO - Автоматически выбрана единственная конфигурация для dchelper.mos.ru
2025-09-24 10:54:35,225 - ORCHESTRATOR - INFO - Выбраны ВСЕ 2 конфигураций для www.mos.ru
2025-09-24 10:54:35,225 - ORCHESTRATOR - INFO - ЭТАП 4: Применение изменений через Q3
2025-09-24 11:19:49,792 - ORCHESTRATOR - INFO - Инициализация оркестратора
2025-09-24 11:19:49,793 - ORCHESTRATOR - INFO - Запуск интерактивного режима
2025-09-24 11:20:01,100 - ORCHESTRATOR - INFO - ==================================================
2025-09-24 11:20:01,100 - ORCHESTRATOR - INFO - НОВЫЙ ЗАПРОС: сделайте что нибудь с доменом www.mos.ru
2025-09-24 11:20:01,100 - ORCHESTRATOR - INFO - ==================================================
2025-09-24 11:20:01,100 - ORCHESTRATOR - INFO - ЭТАП 1: Парсинг запроса через Q1
2025-09-24 11:20:11,430 - ORCHESTRATOR - ERROR - Q1 не смог распарсить запрос
2025-09-24 11:23:56,303 - ORCHESTRATOR - INFO - Инициализация оркестратора
2025-09-24 11:23:56,304 - ORCHESTRATOR - INFO - Запуск интерактивного режима
2025-09-24 11:24:07,497 - ORCHESTRATOR - INFO - ==================================================
2025-09-24 11:24:07,498 - ORCHESTRATOR - INFO - НОВЫЙ ЗАПРОС: сделайте что нибудь с доменом www.mos.ru
2025-09-24 11:24:07,498 - ORCHESTRATOR - INFO - ==================================================
2025-09-24 11:24:07,498 - ORCHESTRATOR - INFO - ЭТАП 1: Парсинг запроса через Q1
2025-09-24 11:24:18,452 - ORCHESTRATOR - INFO - Q1 результат: action=other, domains=['www.mos.ru']
2025-09-24 11:24:18,453 - ORCHESTRATOR - INFO - ЭТАП 2: Поиск конфигураций через Q2
2025-09-24 11:24:22,497 - ORCHESTRATOR - INFO - ЭТАП 3: Выбор конфигураций
2025-09-24 11:24:22,497 - ORCHESTRATOR - INFO - Выбраны ВСЕ 2 конфигураций для www.mos.ru
2025-09-24 11:24:22,497 - ORCHESTRATOR - INFO - ЭТАП 4: Применение изменений через Q3
2025-09-24 11:24:34,030 - ORCHESTRATOR - INFO - Инициализация оркестратора
2025-09-24 11:24:34,030 - ORCHESTRATOR - INFO - Запуск интерактивного режима
2025-09-24 11:24:36,329 - ORCHESTRATOR - INFO - ==================================================
2025-09-24 11:24:36,330 - ORCHESTRATOR - INFO - НОВЫЙ ЗАПРОС: сделайте что нибудь с доменом www.mos.ru
2025-09-24 11:24:36,330 - ORCHESTRATOR - INFO - ==================================================
2025-09-24 11:24:36,330 - ORCHESTRATOR - INFO - ЭТАП 1: Парсинг запроса через Q1
2025-09-24 11:24:45,236 - ORCHESTRATOR - ERROR - Q1 не смог распарсить запрос
2025-09-24 16:07:49,704 - ORCHESTRATOR - INFO - Инициализация оркестратора
2025-09-24 16:07:49,705 - ORCHESTRATOR - INFO - Запуск интерактивного режима
2025-09-24 16:08:39,660 - ORCHESTRATOR - INFO - ==================================================
2025-09-24 16:08:39,662 - ORCHESTRATOR - INFO - НОВЫЙ ЗАПРОС: для домена school.mos.ru внести параметры в локейшен /fos/app/ proxy_connect_timeout 600
2025-09-24 16:08:39,662 - ORCHESTRATOR - INFO - ==================================================
2025-09-24 16:08:39,662 - ORCHESTRATOR - INFO - ЭТАП 1: Парсинг запроса через Q1
2025-09-24 16:08:42,624 - ORCHESTRATOR - INFO - Q1 результат: action=change_location_params, domains=['school.mos.ru']
2025-09-24 16:08:42,624 - ORCHESTRATOR - INFO - ЭТАП 2: Поиск конфигураций через Q2
2025-09-24 16:08:46,692 - ORCHESTRATOR - INFO - ЭТАП 3: Выбор конфигураций
2025-09-24 16:08:46,692 - ORCHESTRATOR - INFO - Автоматически выбрана единственная конфигурация для school.mos.ru
2025-09-24 16:08:46,692 - ORCHESTRATOR - INFO - ЭТАП 4: Применение изменений через Q3
2025-09-24 16:14:45,188 - ORCHESTRATOR - INFO - Инициализация оркестратора
2025-09-24 16:14:45,188 - ORCHESTRATOR - INFO - Запуск интерактивного режима
2025-09-24 18:09:04,249 - ORCHESTRATOR - INFO - ==================================================
2025-09-24 18:09:04,252 - ORCHESTRATOR - INFO - НОВЫЙ ЗАПРОС: замена апстримов домен school.mos.ru локейшен /fos/app/ в main 10.206.223.50:80 заменить на 10.206.223.50:443
2025-09-24 18:09:04,252 - ORCHESTRATOR - INFO - ==================================================
2025-09-24 18:09:04,252 - ORCHESTRATOR - INFO - ЭТАП 1: Парсинг запроса через Q1
2025-09-24 18:10:58,277 - ORCHESTRATOR - INFO - Q1 результат: action=change_upstream, domains=['school.mos.ru']
2025-09-24 18:10:58,278 - ORCHESTRATOR - INFO - ЭТАП 2: Поиск конфигураций через Q2
2025-09-24 18:16:30,466 - ORCHESTRATOR - INFO - Инициализация оркестратора
2025-09-24 18:16:30,466 - ORCHESTRATOR - INFO - Запуск интерактивного режима
2025-09-24 18:17:26,849 - ORCHESTRATOR - INFO - ==================================================
2025-09-24 18:17:26,851 - ORCHESTRATOR - INFO - НОВЫЙ ЗАПРОС: замена апстримов домен school.mos.ru локейшен /fos/app/ в main 10.206.223.50:80 заменить на 0.206.223.50:443
2025-09-24 18:17:26,851 - ORCHESTRATOR - INFO - ==================================================
2025-09-24 18:17:26,851 - ORCHESTRATOR - INFO - ЭТАП 1: Парсинг запроса через Q1
2025-09-24 18:17:43,295 - ORCHESTRATOR - INFO - Q1 результат: action=change_upstream, domains=['school.mos.ru']
2025-09-24 18:17:43,295 - ORCHESTRATOR - INFO - ЭТАП 2: Поиск конфигураций через Q2
2025-09-24 18:31:34,055 - ORCHESTRATOR - INFO - Инициализация оркестратора
2025-09-24 18:31:34,055 - ORCHESTRATOR - INFO - Запуск интерактивного режима
2025-09-24 18:31:51,485 - ORCHESTRATOR - INFO - ==================================================
2025-09-24 18:31:51,486 - ORCHESTRATOR - INFO - НОВЫЙ ЗАПРОС: замена апстримов домен school.mos.ru локейшен /fos/app/ в main 10.206.223.50:80 заменить на 0.206.223.50:443
2025-09-24 18:31:51,486 - ORCHESTRATOR - INFO - ==================================================
2025-09-24 18:31:51,486 - ORCHESTRATOR - INFO - ЭТАП 1: Парсинг запроса через Q1
2025-09-24 18:32:11,176 - ORCHESTRATOR - INFO - Q1 результат: action=change_upstream, domains=['school.mos.ru']
2025-09-24 18:32:11,176 - ORCHESTRATOR - INFO - ЭТАП 2: Поиск конфигураций через Q2
2025-09-24 18:34:50,149 - ORCHESTRATOR - INFO - Инициализация оркестратора
2025-09-24 18:34:50,150 - ORCHESTRATOR - INFO - Запуск интерактивного режима
2025-09-24 18:34:52,680 - ORCHESTRATOR - INFO - ==================================================
2025-09-24 18:34:52,681 - ORCHESTRATOR - INFO - НОВЫЙ ЗАПРОС: замена апстримов домен school.mos.ru локейшен /fdimmer/ в main 10.206.223.50:80 заменить на 10.206.223.50:443
2025-09-24 18:34:52,681 - ORCHESTRATOR - INFO - ==================================================
2025-09-24 18:34:52,681 - ORCHESTRATOR - INFO - ЭТАП 1: Парсинг запроса через Q1
2025-09-24 18:34:59,659 - ORCHESTRATOR - INFO - Q1 результат: action=change_upstream, domains=['school.mos.ru']
2025-09-24 18:34:59,660 - ORCHESTRATOR - INFO - ЭТАП 2: Поиск конфигураций через Q2
2025-09-24 18:35:14,376 - ORCHESTRATOR - INFO - ЭТАП 3: Выбор конфигураций
2025-09-24 18:35:14,376 - ORCHESTRATOR - INFO - Автоматически выбрана единственная конфигурация для school.mos.ru
2025-09-24 18:35:14,376 - ORCHESTRATOR - INFO - ЭТАП 4: Применение изменений через Q3
2025-09-24 18:44:20,988 - ORCHESTRATOR - INFO - Инициализация оркестратора
2025-09-24 18:44:20,988 - ORCHESTRATOR - INFO - Запуск интерактивного режима
2025-09-24 18:44:45,208 - ORCHESTRATOR - INFO - ==================================================
2025-09-24 18:44:45,210 - ORCHESTRATOR - INFO - НОВЫЙ ЗАПРОС: замена апстримов домен school.mos.ru локейшен /dimmer/ в main 10.206.223.50:80 заменить на 10.206.223.50:443
2025-09-24 18:44:45,210 - ORCHESTRATOR - INFO - ==================================================
2025-09-24 18:44:45,210 - ORCHESTRATOR - INFO - ЭТАП 1: Парсинг запроса через Q1
2025-09-24 18:44:52,708 - ORCHESTRATOR - INFO - Q1 результат: action=change_upstream, domains=['school.mos.ru']
2025-09-24 18:44:52,709 - ORCHESTRATOR - INFO - ЭТАП 2: Поиск конфигураций через Q2
2025-09-24 18:45:37,047 - ORCHESTRATOR - INFO - Инициализация оркестратора
2025-09-24 18:45:37,048 - ORCHESTRATOR - INFO - Запуск интерактивного режима
2025-09-24 18:45:39,472 - ORCHESTRATOR - INFO - ==================================================
2025-09-24 18:45:39,472 - ORCHESTRATOR - INFO - НОВЫЙ ЗАПРОС: замена апстримов домен school.mos.ru в локейшене /dimmer/ в main 10.206.223.50:80 заменить на 10.206.223.50:443
2025-09-24 18:45:39,472 - ORCHESTRATOR - INFO - ==================================================
2025-09-24 18:45:39,472 - ORCHESTRATOR - INFO - ЭТАП 1: Парсинг запроса через Q1
2025-09-24 18:45:41,951 - ORCHESTRATOR - INFO - Q1 результат: action=change_upstream, domains=['school.mos.ru']
2025-09-24 18:45:41,951 - ORCHESTRATOR - INFO - ЭТАП 2: Поиск конфигураций через Q2
2025-09-24 20:41:50,960 - ORCHESTRATOR - INFO - Инициализация оркестратора
2025-09-24 20:41:50,961 - ORCHESTRATOR - INFO - Запуск интерактивного режима
2025-09-24 20:42:01,729 - ORCHESTRATOR - INFO - ==================================================
2025-09-24 20:42:01,730 - ORCHESTRATOR - INFO - НОВЫЙ ЗАПРОС: сделай что нибудь
2025-09-24 20:42:01,730 - ORCHESTRATOR - INFO - ==================================================
2025-09-24 20:42:01,730 - ORCHESTRATOR - INFO - ЭТАП 1: Парсинг запроса через Q1
2025-09-24 20:42:07,741 - ORCHESTRATOR - ERROR - Q1 не смог распарсить запрос
